\BOOKMARK [0][-]{chapter.1}{\376\377\000G\000u\000i\000d\000e\000l\000i\000n\000e\000s\000\040\000a\000n\000d\000\040\000r\000e\000c\000o\000m\000m\000e\000n\000d\000a\000t\000i\000o\000n\000s}{}% 1
\BOOKMARK [0][-]{chapter.2}{\376\377\000R\000u\000l\000e\000s\000\040\000\050\000a\000s\000\040\000c\000h\000e\000c\000k\000e\000d\000\040\000b\000y\000\040\000n\000o\000r\000m\000s\000\040\000c\000h\000e\000c\000k\000e\000r\000\051}{}% 2
\BOOKMARK [1][-]{section.2.1}{\376\377\000L\0001\000\040\000:\000\040\000i\000m\000p\000l\000i\000c\000i\000t\000\040\000n\000o\000n\000e}{chapter.2}% 3
\BOOKMARK [1][-]{section.2.2}{\376\377\000L\0002\000\040\000:\000\040\000u\000s\000e\000\040\000m\000o\000d\000u\000l\000e\000,\000\040\000o\000n\000l\000y}{chapter.2}% 4
\BOOKMARK [2][-]{subsection.2.2.1}{\376\377\000E\000x\000c\000e\000p\000t\000i\000o\000n\000s}{section.2.2}% 5
\BOOKMARK [1][-]{section.2.3}{\376\377\000L\0003\000\040\000:\000\040\000g\000l\000o\000b\000a\000l\000\040\000v\000a\000r\000i\000a\000b\000l\000e\000s}{chapter.2}% 6
\BOOKMARK [1][-]{section.2.4}{\376\377\000L\0004\000\040\000:\000\040\000l\000a\000n\000g\000u\000a\000g\000e\000\040\000f\000e\000a\000t\000u\000r\000e\000s}{chapter.2}% 7
\BOOKMARK [1][-]{section.2.5}{\376\377\000L\0005\000\040\000:\000\040\000a\000r\000g\000u\000m\000e\000n\000t\000\040\000I\000N\000T\000E\000N\000T}{chapter.2}% 8
\BOOKMARK [1][-]{section.2.6}{\376\377\000L\0006\000\040\000:\000\040\000O\000P\000T\000I\000O\000N\000A\000L\000\040\000a\000r\000g\000u\000m\000e\000n\000t\000\040\000p\000o\000s\000i\000t\000i\000o\000n}{chapter.2}% 9
\BOOKMARK [1][-]{section.2.7}{\376\377\000L\0007\000\040\000:\000\040\000O\000P\000T\000I\000O\000N\000A\000L\000\040\000a\000r\000g\000u\000m\000e\000n\000t\000\040\000k\000e\000y\000w\000o\000r\000d\000\040\000u\000s\000a\000g\000e}{chapter.2}% 10
\BOOKMARK [1][-]{section.2.8}{\376\377\000L\0008\000\040\000:\000\040\000c\000o\000p\000y\000i\000n\000g\000\040\000a\000l\000l\000o\000c\000a\000t\000a\000b\000l\000e\000\040\000a\000r\000r\000a\000y\000s}{chapter.2}% 11
\BOOKMARK [1][-]{section.2.9}{\376\377\000L\0009\000\040\000:\000\040\000i\000n\000t\000e\000r\000f\000a\000c\000e\000s\000\040\000f\000o\000r\000\040\000r\000o\000u\000t\000i\000n\000e\000s}{chapter.2}% 12
\BOOKMARK [1][-]{section.2.10}{\376\377\000L\0001\0000\000\040\000:\000\040\000d\000e\000c\000l\000a\000r\000a\000t\000i\000o\000n\000\040\000s\000y\000n\000t\000a\000x}{chapter.2}% 13
\BOOKMARK [1][-]{section.2.11}{\376\377\000I\0001\000\040\000:\000\040\000n\000a\000m\000i\000n\000g\000\040\000o\000f\000\040\000v\000a\000r\000i\000a\000b\000l\000e\000s\000,\000\040\000s\000u\000b\000r\000o\000u\000t\000i\000n\000e\000s\000,\000\040\000m\000o\000d\000u\000l\000e\000s}{chapter.2}% 14
\BOOKMARK [2][-]{subsection.2.11.1}{\376\377\000V\000a\000r\000i\000a\000b\000l\000e\000\040\000n\000a\000m\000i\000n\000g}{section.2.11}% 15
\BOOKMARK [2][-]{subsection.2.11.2}{\376\377\000R\000o\000u\000t\000i\000n\000e\000\040\000n\000a\000m\000i\000n\000g}{section.2.11}% 16
\BOOKMARK [1][-]{section.2.12}{\376\377\000I\0002\000\040\000:\000\040\000D\000R\000H\000O\000O\000K\000\040\000i\000n\000s\000t\000r\000u\000m\000e\000n\000t\000a\000t\000i\000o\000n}{chapter.2}% 17
\BOOKMARK [1][-]{section.2.13}{\376\377\000I\0003\000\040\000:\000\040\000E\000x\000c\000e\000s\000s\000i\000v\000e\000l\000y\000\040\000l\000o\000n\000g\000\040\000i\000n\000t\000e\000r\000f\000a\000c\000e\000s}{chapter.2}% 18
\BOOKMARK [1][-]{section.2.14}{\376\377\000I\0004\000\040\000:\000\040\000M\000P\000L\000\040\000a\000n\000d\000\040\000m\000e\000s\000s\000a\000g\000e\000\040\000p\000a\000s\000s\000i\000n\000g}{chapter.2}% 19
\BOOKMARK [1][-]{section.2.15}{\376\377\000I\0005\000\040\000:\000\040\000d\000e\000r\000i\000v\000e\000d\000\040\000t\000y\000p\000e\000s\000\040\000i\000n\000\040\000m\000o\000d\000u\000l\000e\000s}{chapter.2}% 20
\BOOKMARK [1][-]{section.2.16}{\376\377\000I\0006\000\040\000:\000\040\000M\000P\000L\000\040\000a\000n\000d\000\040\000s\000t\000r\000i\000n\000g\000\040\000a\000r\000g\000u\000m\000e\000n\000t}{chapter.2}% 21
\BOOKMARK [1][-]{section.2.17}{\376\377\000I\0007\000\040\000:\000\040\000n\000o\000\040\000T\000A\000B\000S}{chapter.2}% 22
\BOOKMARK [1][-]{section.2.18}{\376\377\000I\0008\000\040\000:\000\040\000K\000I\000N\000D\000\040\000s\000p\000e\000c\000i\000f\000i\000c\000a\000t\000i\000o\000n}{chapter.2}% 23
\BOOKMARK [1][-]{section.2.19}{\376\377\000S\000C\0001\000\040\000:\000\040\000h\000o\000r\000i\000z\000o\000n\000t\000a\000l\000\040\000i\000n\000d\000e\000x\000i\000n\000g}{chapter.2}% 24
\BOOKMARK [1][-]{section.2.20}{\376\377\000S\000C\0002\000\040\000:\000\040\000h\000o\000r\000i\000z\000o\000n\000t\000a\000l\000\040\000l\000o\000o\000p\000i\000n\000g}{chapter.2}% 25
\BOOKMARK [1][-]{section.2.21}{\376\377\000S\000C\0003\000\040\000:\000\040\000f\000u\000n\000c\000t\000i\000o\000n\000\040\000c\000a\000l\000l\000s\000\040\000f\000r\000o\000m\000\040\000i\000n\000s\000i\000d\000e\000\040\000K\000P\000R\000O\000M\000A\000\040\000l\000o\000o\000p\000s}{chapter.2}% 26
\BOOKMARK [1][-]{section.2.22}{\376\377\000S\000C\0004\000\040\000:\000\040\000n\000o\000\040\000h\000o\000r\000i\000z\000o\000n\000t\000a\000l\000\040\000i\000n\000d\000i\000r\000e\000c\000t\000i\000o\000n}{chapter.2}% 27
\BOOKMARK [1][-]{section.2.23}{\376\377\000S\0001\000\040\000:\000\040\000E\000N\000D\000\040\000I\000F\000\040\000/\000\040\000E\000N\000D\000I\000F}{chapter.2}% 28
\BOOKMARK [1][-]{section.2.24}{\376\377\000S\0002\000:\000\040\000o\000r\000d\000e\000r\000\040\000o\000f\000\040\000a\000r\000g\000u\000m\000e\000n\000t\000\040\000d\000e\000c\000l\000a\000r\000a\000t\000i\000o\000n\000s}{chapter.2}% 29
\BOOKMARK [1][-]{section.2.25}{\376\377\000S\0003\000\040\000:\000\040\000l\000i\000n\000e\000\040\000c\000o\000n\000t\000i\000n\000u\000a\000t\000i\000o\000n}{chapter.2}% 30
\BOOKMARK [1][-]{section.2.26}{\376\377\000S\0004\000:\000\040\000n\000o\000\040\000u\000n\000q\000u\000a\000l\000i\000f\000i\000e\000d\000\040\000E\000N\000D\000\040\000s\000t\000a\000t\000e\000m\000e\000n\000t\000s}{chapter.2}% 31
\BOOKMARK [1][-]{section.2.27}{\376\377\000S\0005\000\040\000:\000\040\000u\000n\000u\000s\000e\000d\000\040\000v\000a\000r\000i\000a\000b\000l\000e\000s}{chapter.2}% 32
\BOOKMARK [1][-]{section.2.28}{\376\377\000C\000o\000d\000i\000n\000g\000\040\000n\000o\000r\000m\000s\000\040\0002\0000\0001\0001\000\040\000r\000u\000l\000e\000s}{chapter.2}% 33
\BOOKMARK [2][-]{subsection.2.28.1}{\376\377\000R\0001\000\040\000:\000\040\000E\000n\000c\000a\000p\000s\000u\000l\000a\000t\000i\000o\000n\000\040\000r\000u\000l\000e\000s}{section.2.28}% 34
\BOOKMARK [2][-]{subsection.2.28.2}{\376\377\000R\0002\000\040\000:\000\040\000S\000u\000b\000r\000o\000u\000t\000i\000n\000e\000\040\000l\000e\000n\000g\000t\000h}{section.2.28}% 35
\BOOKMARK [2][-]{subsection.2.28.3}{\376\377\000R\0003\000\040\000:\000\040\000C\000o\000s\000m\000e\000t\000i\000c\000\040\000c\000h\000a\000n\000g\000e\000s}{section.2.28}% 36
\BOOKMARK [2][-]{subsection.2.28.4}{\376\377\000R\0004\000\040\000:\000\040\000U\000n\000u\000s\000e\000d\000\040\000v\000a\000r\000i\000a\000b\000l\000e\000s}{section.2.28}% 37
\BOOKMARK [2][-]{subsection.2.28.5}{\376\377\000R\0005\000\040\000:\000\040\000V\000a\000r\000i\000a\000b\000l\000e\000\040\000n\000a\000m\000e\000\040\000s\000u\000f\000f\000i\000x\000e\000s}{section.2.28}% 38
\BOOKMARK [2][-]{subsection.2.28.6}{\376\377\000R\0006\000\040\000:\000\040\000A\000r\000r\000a\000y\000\040\000s\000y\000n\000t\000a\000x}{section.2.28}% 39
\BOOKMARK [2][-]{subsection.2.28.7}{\376\377\000R\0007\000\040\000:\000\040\000C\000u\000t\000-\000n\000-\000p\000a\000s\000t\000e}{section.2.28}% 40
\BOOKMARK [2][-]{subsection.2.28.8}{\376\377\000R\0008\000\040\000:\000\040\000L\000E\000C\000M\000W\000F\000\040\000v\000a\000r\000i\000a\000b\000l\000e}{section.2.28}% 41
\BOOKMARK [2][-]{subsection.2.28.9}{\376\377\000R\0009\000\040\000:\000\040\000L\000E\000L\000A\000M\000\040\000v\000a\000r\000i\000a\000b\000l\000e}{section.2.28}% 42
\BOOKMARK [2][-]{subsection.2.28.10}{\376\377\000R\0001\0000\000\040\000:\000\040\000L\000F\000I\000\040\000o\000r\000\040\000G\000R\000I\000B}{section.2.28}% 43
\BOOKMARK [2][-]{subsection.2.28.11}{\376\377\000R\0001\0001\000\040\000:\000\040\000m\000e\000s\000s\000a\000g\000e\000\040\000p\000a\000s\000s\000i\000n\000g}{section.2.28}% 44
\BOOKMARK [2][-]{subsection.2.28.12}{\376\377\000R\0001\0002\000\040\000:\000\040\000D\000e\000r\000i\000v\000e\000d\000\040\000t\000y\000p\000e\000s\000\040\000i\000n\000\040\000a\000\040\000m\000o\000d\000u\000l\000e}{section.2.28}% 45
\BOOKMARK [2][-]{subsection.2.28.13}{\376\377\000R\0001\0003\000\040\000:\000\040\000C\000o\000d\000e\000\040\000m\000u\000s\000t\000\040\000b\000e\000\040\000t\000h\000r\000e\000a\000d\000s\000a\000f\000e}{section.2.28}% 46
\BOOKMARK [2][-]{subsection.2.28.14}{\376\377\000R\0001\0004\000\040\000:\000\040\000A\000b\000n\000o\000r\000m\000a\000l\000\040\000t\000e\000r\000m\000i\000n\000a\000t\000i\000o\000n}{section.2.28}% 47
\BOOKMARK [2][-]{subsection.2.28.15}{\376\377\000R\0001\0005\000\040\000:\000\040\000T\000h\000e\000\040\000s\000a\000v\000e\000\040\000s\000t\000a\000t\000e\000m\000e\000n\000t}{section.2.28}% 48
\BOOKMARK [2][-]{subsection.2.28.16}{\376\377\000R\0001\0006\000\040\000:\000\040\000a\000r\000g\000u\000m\000e\000n\000t\000\040\000p\000a\000s\000s\000i\000n\000g\000\040\000c\000h\000a\000r\000a\000c\000t\000e\000r\000i\000s\000t\000i\000c\000s}{section.2.28}% 49
\BOOKMARK [2][-]{subsection.2.28.17}{\376\377\000R\0001\0007\000\040\000:\000\040\000S\000E\000L\000E\000C\000T\000\040\000C\000A\000S\000E}{section.2.28}% 50
\BOOKMARK [2][-]{subsection.2.28.18}{\376\377\000R\0001\0008\000\040\000:\000\040\000i\000n\000c\000l\000u\000d\000e\000\040\000i\000n\000t\000e\000r\000f\000a\000c\000e\000s}{section.2.28}% 51
\BOOKMARK [2][-]{subsection.2.28.19}{\376\377\000R\0001\0009\000\040\000:\000\040\000n\000u\000m\000b\000e\000r\000\040\000o\000f\000\040\000a\000r\000g\000u\000m\000e\000n\000t\000s\000\040\000t\000o\000\040\000r\000o\000u\000t\000i\000n\000e\000s}{section.2.28}% 52
\BOOKMARK [2][-]{subsection.2.28.20}{\376\377\000R\0002\0000\000\040\000:\000\040\000n\000a\000m\000e\000s\000\040\000o\000f\000\040\000v\000a\000r\000i\000a\000b\000l\000e\000s}{section.2.28}% 53
\BOOKMARK [2][-]{subsection.2.28.21}{\376\377\000R\0002\0001\000\040\000:\000\040\000N\000a\000m\000e\000\040\000p\000r\000e\000f\000i\000x\000e\000s\000\040\000a\000n\000d\000\040\000s\000u\000f\000f\000i\000x\000e\000s}{section.2.28}% 54
\BOOKMARK [2][-]{subsection.2.28.22}{\376\377\000R\0002\0002\000\040\000:\000\040\000A\000l\000a\000d\000i\000n\000\040\000r\000o\000u\000t\000i\000n\000e\000\040\000n\000a\000m\000e\000s}{section.2.28}% 55
\BOOKMARK [2][-]{subsection.2.28.23}{\376\377\000R\0002\0003\000\040\000:\000\040\000N\000U\000L\000O\000U\000T\000\040\000\046\000\040\000N\000U\000L\000E\000R\000R\000\040\000u\000s\000a\000g\000e}{section.2.28}% 56
\BOOKMARK [2][-]{subsection.2.28.24}{\376\377\000R\0002\0004\000\040\000:\000\040\000u\000n\000i\000v\000e\000r\000s\000a\000l\000\040\000c\000o\000n\000s\000t\000a\000n\000t\000s}{section.2.28}% 57
\BOOKMARK [2][-]{subsection.2.28.25}{\376\377\000R\0002\0005\000\040\000:\000\040\000M\000P\000L\000\040\000s\000t\000r\000i\000n\000g\000\040\000a\000r\000g\000u\000m\000e\000n\000t}{section.2.28}% 58
\BOOKMARK [2][-]{subsection.2.28.26}{\376\377\000R\0002\0006\000\040\000:\000\040\000c\000o\000d\000e\000\040\000s\000t\000r\000u\000c\000t\000u\000r\000e\000\040\000a\000n\000d\000\040\000f\000i\000l\000e\000\040\000l\000o\000c\000a\000t\000i\000o\000n}{section.2.28}% 59
\BOOKMARK [2][-]{subsection.2.28.27}{\376\377\000R\0002\0007\000\040\000:\000\040\000n\000a\000m\000e\000l\000i\000s\000t\000\040\000u\000s\000a\000g\000e}{section.2.28}% 60
\BOOKMARK [2][-]{subsection.2.28.28}{\376\377\000R\0002\0008\000\040\000:\000\040\000D\000A\000T\000A\000\040\000s\000t\000a\000t\000e\000m\000e\000n\000t}{section.2.28}% 61
\BOOKMARK [2][-]{subsection.2.28.29}{\376\377\000R\0002\0009\000\040\000:\000\040\000F\0009\0000\000\040\000f\000r\000e\000e\000\040\000f\000o\000r\000m\000a\000t}{section.2.28}% 62
\BOOKMARK [2][-]{subsection.2.28.30}{\376\377\000R\0003\0000\000\040\000:\000\040\000c\000o\000n\000s\000i\000s\000t\000e\000n\000t\000\040\000s\000t\000y\000l\000e}{section.2.28}% 63
\BOOKMARK [2][-]{subsection.2.28.31}{\376\377\000R\0003\0001\000\040\000:\000\040\000n\000o\000\040\000T\000A\000B\000\040\000u\000s\000a\000g\000e}{section.2.28}% 64
\BOOKMARK [2][-]{subsection.2.28.32}{\376\377\000R\0003\0002\000\040\000:\000\040\000I\000M\000P\000L\000I\000C\000I\000T\000\040\000N\000O\000N\000E}{section.2.28}% 65
\BOOKMARK [2][-]{subsection.2.28.33}{\376\377\000R\0003\0003\000\040\000:\000\040\000n\000o\000\040\000h\000a\000r\000d\000-\000c\000o\000d\000e\000d\000\040\000a\000r\000r\000a\000y\000\040\000d\000i\000m\000e\000n\000s\000i\000o\000n\000s}{section.2.28}% 66
\BOOKMARK [2][-]{subsection.2.28.34}{\376\377\000R\0003\0004\000\040\000:\000\040\040\034\000:\000:\040\035\000\040\000n\000o\000t\000a\000t\000i\000o\000n}{section.2.28}% 67
\BOOKMARK [2][-]{subsection.2.28.35}{\376\377\000R\0003\0005\000\040\000:\000\040\000m\000a\000n\000d\000a\000t\000o\000r\000y\000\040\000K\000I\000N\000D\000\040\000s\000p\000e\000c\000i\000f\000i\000c\000a\000t\000i\000o\000n}{section.2.28}% 68
\BOOKMARK [2][-]{subsection.2.28.36}{\376\377\000R\0003\0006\000\040\000:\000\040\000U\000S\000E\000,\000\040\000O\000N\000L\000Y}{section.2.28}% 69
\BOOKMARK [2][-]{subsection.2.28.37}{\376\377\000R\0003\0007\000\040\000:\000\040\000P\000A\000R\000A\000M\000E\000T\000E\000R\000\040\000w\000h\000e\000r\000e\000v\000e\000r\000\040\000p\000o\000s\000s\000i\000b\000l\000e}{section.2.28}% 70
\BOOKMARK [2][-]{subsection.2.28.38}{\376\377\000R\0003\0008\000\040\000:\000\040\000v\000a\000r\000i\000a\000b\000l\000e\000\040\000n\000a\000m\000e\000\040\000p\000r\000e\000f\000i\000x\000e\000s}{section.2.28}% 71
\BOOKMARK [2][-]{subsection.2.28.39}{\376\377\000R\0003\0009\000\040\000:\000\040\000b\000a\000n\000n\000e\000d\000\040\000s\000t\000a\000t\000e\000m\000e\000n\000t\000s}{section.2.28}% 72
\BOOKMARK [2][-]{subsection.2.28.40}{\376\377\000R\0004\0000\000\040\000:\000\040\000n\000o\000\040\000i\000m\000p\000l\000i\000c\000i\000t\000\040\000a\000r\000r\000a\000y\000\040\000s\000i\000z\000i\000n\000g}{section.2.28}% 73
\BOOKMARK [2][-]{subsection.2.28.41}{\376\377\000R\0004\0001\000\040\000:\000\040\000a\000u\000t\000o\000m\000a\000t\000i\000c\000\040\000a\000n\000d\000\040\000a\000l\000l\000o\000c\000a\000t\000a\000b\000l\000e\000\040\000a\000r\000r\000a\000y\000s}{section.2.28}% 74
\BOOKMARK [2][-]{subsection.2.28.42}{\376\377\000R\0004\0002\000\040\000:\000\040\000d\000e\000a\000l\000l\000o\000c\000a\000t\000i\000o\000n\000\040\000o\000f\000\040\000a\000l\000l\000o\000c\000a\000t\000a\000b\000l\000e\000s}{section.2.28}% 75
\BOOKMARK [2][-]{subsection.2.28.43}{\376\377\000R\0004\0003\000\040\000:\000\040\000c\000o\000m\000p\000a\000r\000i\000s\000o\000n\000\040\000o\000p\000e\000r\000a\000t\000o\000r\000s}{section.2.28}% 76
\BOOKMARK [2][-]{subsection.2.28.44}{\376\377\000R\0004\0004\000\040\000:\000\040\000v\000a\000l\000u\000e\000\040\000c\000o\000m\000p\000a\000r\000i\000s\000o\000n\000s}{section.2.28}% 77
\BOOKMARK [2][-]{subsection.2.28.45}{\376\377\000R\0004\0005\000\040\000:\000\040\000a\000r\000g\000u\000m\000e\000n\000t\000\040\000i\000n\000t\000e\000n\000t\000s\000\040\000a\000r\000e\000\040\000c\000o\000m\000p\000u\000l\000s\000o\000r\000y}{section.2.28}% 78
\BOOKMARK [2][-]{subsection.2.28.46}{\376\377\000R\0004\0006\000\040\000:\000\040\000o\000r\000d\000e\000r\000\040\000o\000f\000\040\000o\000p\000t\000i\000o\000n\000a\000l\000\040\000a\000r\000g\000u\000m\000e\000n\000t\000s}{section.2.28}% 79
\BOOKMARK [2][-]{subsection.2.28.47}{\376\377\000R\0004\0007\000\040\000:\000\040\000E\000N\000D\000I\000F\000\040\000/\000\040\000E\000N\000D\000\040\000I\000F}{section.2.28}% 80
\BOOKMARK [2][-]{subsection.2.28.48}{\376\377\000R\0004\0008\000\040\000:\000\040\000r\000e\000m\000o\000v\000a\000l\000\040\000o\000f\000\040\000d\000e\000a\000d\000\040\000c\000o\000d\000e}{section.2.28}% 81
\BOOKMARK [0][-]{chapter.3}{\376\377\000I\000n\000d\000i\000c\000e\000s\000\040\000a\000n\000d\000\040\000t\000a\000b\000l\000e\000s}{}% 82
